<?xml version="1.0" encoding="UTF-8"?>
<!-- Generated by org.testng.reporters.JUnitXMLReporter -->
<testsuite hostname="DESKTOP-20VFUB6" ignored="0" name="Command line test" tests="4" failures="0" timestamp="29 mar 2019 13:29:32 GMT" time="0.033" errors="0">
  <testcase name="firstPrint" time="0.003" classname="com.automation.app.PrintOneTest"/>
  <testcase name="secondPrint" time="0.0" classname="com.automation.app.PrintOneTest"/>
  <testcase name="fourthPrint" time="0.0" classname="com.automation.app.PrintTwoTest"/>
  <testcase name="thirdPrint" time="0.0" classname="com.automation.app.PrintTwoTest"/>
</testsuite> <!-- Command line test -->
